<?xml version="1.0" encoding="UTF-8"?>
<!-- Generated by org.testng.reporters.JUnitReportReporter -->
<testsuite hostname="LAPTOP-KTH72RIV" failures="0" tests="3" name="com.aruna.restassured.PayloadTesla.TeslaAPI" time="3.358" errors="0" timestamp="2021-01-04T13:50:29 PST" skipped="0">
  <testcase classname="com.aruna.restassured.PayloadTesla.TeslaAPI" name="Parsing_data" time="1.435"/>
  <system-out/>
  <testcase classname="com.aruna.restassured.PayloadTesla.TeslaAPI" name="Get_All_BlueCars" time="0.754"/>
  <system-out/>
  <testcase classname="com.aruna.restassured.PayloadTesla.TeslaAPI" name="PerDay_Rental" time="1.169"/>
  <system-out/>
</testsuite> <!-- com.aruna.restassured.PayloadTesla.TeslaAPI -->
