<?xml version="1.0" encoding="UTF-8"?>
<!-- Generated by org.testng.reporters.JUnitReportReporter -->
<testsuite hostname="LAPTOP-KTH72RIV" failures="0" tests="1" name="com.aruna.restassured.studentAsignment.APIStudentParsing" time="2.108" errors="0" timestamp="2021-01-04T13:50:29 PST" skipped="0">
  <testcase classname="com.aruna.restassured.studentAsignment.APIStudentParsing" name="Student_payload_validation" time="2.108"/>
  <system-out/>
</testsuite> <!-- com.aruna.restassured.studentAsignment.APIStudentParsing -->
